-------------------------------------------------------------------------------
Test set: Runner.WebOrderRegressionRunner
-------------------------------------------------------------------------------
Tests run: 2, Failures: 1, Errors: 0, Skipped: 0, Time elapsed: 2.622 s <<< FAILURE! - in Runner.WebOrderRegressionRunner
get pet(Deserialize swagger pet)  Time elapsed: 1.736 s  <<< FAILURE!
java.lang.AssertionError: expected:<200> but was:<500>

