<?xml version="1.0" encoding="UTF-8"?>
<testsuite xmlns:xsi="http://www.w3.org/2001/XMLSchema-instance" xsi:noNamespaceSchemaLocation="https://maven.apache.org/surefire/maven-surefire-plugin/xsd/surefire-test-report.xsd" name="Runner.WebOrderRegressionRunner" time="2.622" tests="2" errors="0" skipped="0" failures="1">
  <properties>
[...]
</properties>
  <testcase name="get pet" classname="Deserialize swagger pet" time="1.736">
    <failure message="expected:&lt;200&gt; but was:&lt;500&gt;" type="java.lang.AssertionError"><![CDATA[java.lang.AssertionError: expected:<200> but was:<500>
]]></failure>
    <system-out><![CDATA[
Scenario Outline: get pet                          &amp#27;[90m# src/test/resources/API/DeserializationSwagger.feature:11&amp#27;[0m
  &amp#27;[32mGiven &amp#27;[0m&amp#27;[32maccept header is set to &amp#27;[0m&amp#27;[32m&amp#27;[1m"ContentType.JSON"&amp#27;[0m &amp#27;[90m# StepDefinitions.api.SwaggerDeserialize.acceptHeaderIsSetTo(java.lang.String)&amp#27;[0m
  &amp#27;[32mWhen &amp#27;[0m&amp#27;[32mthe user execute &amp#27;[0m&amp#27;[32m&amp#27;[1m"GET"&amp#27;[0m&amp#27;[32m request&amp#27;[0m              &amp#27;[90m# StepDefinitions.api.SwaggerDeserialize.theUserExecuteGETRequest(java.lang.String)&amp#27;[0m
  &amp#27;[31mThen &amp#27;[0m&amp#27;[31mthe status code is &amp#27;[0m&amp#27;[31m&amp#27;[1m200&amp#27;[0m                      &amp#27;[90m# StepDefinitions.api.SwaggerDeserialize.the_status_code_is_OK(int)&amp#27;[0m
      &amp#27;[31mjava.lang.AssertionError: expected:<200> but was:<500>
	at org.junit.Assert.fail(Assert.java:89)
	at org.junit.Assert.failNotEquals(Assert.java:835)
	at org.junit.Assert.assertEquals(Assert.java:647)
	at org.junit.Assert.assertEquals(Assert.java:633)
	at StepDefinitions.api.SwaggerDeserialize.the_status_code_is_OK(SwaggerDeserialize.java:35)
	at ✽.the status code is 200(file:///Users/volodymyrbendiukevych/IdeaProjects/CucumberBatch4/src/test/resources/API/DeserializationSwagger.feature:6)
&amp#27;[0m
  &amp#27;[36mAnd &amp#27;[0m&amp#27;[36mcontentType header is &amp#27;[0m&amp#27;[36m&amp#27;[1m"application/json"&amp#27;[0m     &amp#27;[90m# StepDefinitions.api.SwaggerDeserialize.contentTypeHeaderIs(java.lang.String)&amp#27;[0m
  &amp#27;[36mAnd &amp#27;[0m&amp#27;[36muser verified &amp#27;[0m&amp#27;[36m&amp#27;[1m5&amp#27;[0m&amp#27;[36m &amp#27;[0m&amp#27;[36m&amp#27;[1m"doggie"&amp#27;[0m&amp#27;[36m &amp#27;[0m&amp#27;[36m&amp#27;[1m1&amp#27;[0m&amp#27;[36m size&amp#27;[0m              &amp#27;[90m# StepDefinitions.api.SwaggerDeserialize.userVerifiedDoggieSize(int,java.lang.String,int)&amp#27;[0m
]]></system-out>
    <system-err><![CDATA[Jul 21, 2020 10:44:47 PM io.cucumber.junit.Cucumber <init>
WARNING: By default Cucumber is running in --non-strict mode.
This default will change to --strict and --non-strict will be removed.
You can use --strict or @CucumberOptions(strict = true) to suppress this warning
]]></system-err>
  </testcase>
  <testcase name="test1" classname="Practice API" time="0.545"/>
</testsuite>